2024-12-25 16:48:54,213 - INFO - Data exported to exported_data folder.
2024-12-25 16:48:54,216 - INFO - Zip file created at: exported_data/AreketHealthCenter701090021_Meskerem_2016.zip
2024-12-25 16:48:54,216 - INFO - Checksum saved to: exported_data/AreketHealthCenter701090021_Meskerem_2016_checksum.txt
2024-12-25 16:48:54,216 - INFO - Deleted file: exported_data/Tx_Curr_TPT_LineList_AreketHealthCenter701090021_Meskerem_2016.csv
2024-12-25 16:48:54,216 - INFO - Deleted file: exported_data/Tx_Curr_HVL_LineList_AreketHealthCenter701090021_Meskerem_2016.csv
2024-12-25 16:48:54,216 - INFO - Deleted file: exported_data/Tx_Curr_AHD_LineList_AreketHealthCenter701090021_Meskerem_2016.csv
2024-12-25 16:48:54,216 - INFO - Deleted file: exported_data/Tx_Curr_VLEligibleNew_LineList_AreketHealthCenter701090021_Meskerem_2016.csv
2024-12-25 16:48:54,216 - INFO - Deleted file: exported_data/Tx_Curr_LineList_AreketHealthCenter701090021_Meskerem_2016.csv
2024-12-25 16:48:54,216 - INFO - Deleted file: exported_data/Tx_Curr_VLTestReceived_LineList_AreketHealthCenter701090021_Meskerem_2016.csv
2024-12-25 16:48:54,216 - INFO - Deleted file: exported_data/Tx_Curr_OutComeList_AreketHealthCenter701090021_Meskerem_2016.csv
2024-12-25 16:48:54,216 - INFO - Deleted file: exported_data/Tx_Curr_CCANew_LineList_AreketHealthCenter701090021_Meskerem_2016.csv
2024-12-25 16:49:01,029 - INFO - Data exported to exported_data folder.
2024-12-25 16:49:01,031 - INFO - Zip file created at: exported_data/AreketHealthCenter701090021_Tir_2016.zip
2024-12-25 16:49:01,031 - INFO - Checksum saved to: exported_data/AreketHealthCenter701090021_Tir_2016_checksum.txt
2024-12-25 16:49:01,031 - INFO - Deleted file: exported_data/Tx_Curr_AHD_LineList_AreketHealthCenter701090021_Tir_2016.csv
2024-12-25 16:49:01,031 - INFO - Deleted file: exported_data/Tx_Curr_CCANew_LineList_AreketHealthCenter701090021_Tir_2016.csv
2024-12-25 16:49:01,031 - INFO - Deleted file: exported_data/Tx_Curr_TPT_LineList_AreketHealthCenter701090021_Tir_2016.csv
2024-12-25 16:49:01,031 - INFO - Deleted file: exported_data/Tx_Curr_OutComeList_AreketHealthCenter701090021_Tir_2016.csv
2024-12-25 16:49:01,031 - INFO - Deleted file: exported_data/Tx_Curr_VLTestReceived_LineList_AreketHealthCenter701090021_Tir_2016.csv
2024-12-25 16:49:01,031 - INFO - Deleted file: exported_data/Tx_Curr_VLEligibleNew_LineList_AreketHealthCenter701090021_Tir_2016.csv
2024-12-25 16:49:01,031 - INFO - Deleted file: exported_data/Tx_Curr_HVL_LineList_AreketHealthCenter701090021_Tir_2016.csv
2024-12-25 16:49:01,031 - INFO - Deleted file: exported_data/Tx_Curr_LineList_AreketHealthCenter701090021_Tir_2016.csv
2024-12-25 16:49:07,765 - INFO - Data exported to exported_data folder.
2024-12-25 16:49:07,767 - INFO - Zip file created at: exported_data/AreketHealthCenter701090021_Tir_2015.zip
2024-12-25 16:49:07,768 - INFO - Checksum saved to: exported_data/AreketHealthCenter701090021_Tir_2015_checksum.txt
2024-12-25 16:49:07,768 - INFO - Deleted file: exported_data/Tx_Curr_VLTestReceived_LineList_AreketHealthCenter701090021_Tir_2015.csv
2024-12-25 16:49:07,768 - INFO - Deleted file: exported_data/Tx_Curr_LineList_AreketHealthCenter701090021_Tir_2015.csv
2024-12-25 16:49:07,768 - INFO - Deleted file: exported_data/Tx_Curr_CCANew_LineList_AreketHealthCenter701090021_Tir_2015.csv
2024-12-25 16:49:07,768 - INFO - Deleted file: exported_data/Tx_Curr_HVL_LineList_AreketHealthCenter701090021_Tir_2015.csv
2024-12-25 16:49:07,768 - INFO - Deleted file: exported_data/Tx_Curr_AHD_LineList_AreketHealthCenter701090021_Tir_2015.csv
2024-12-25 16:49:07,768 - INFO - Deleted file: exported_data/Tx_Curr_OutComeList_AreketHealthCenter701090021_Tir_2015.csv
2024-12-25 16:49:07,768 - INFO - Deleted file: exported_data/Tx_Curr_VLEligibleNew_LineList_AreketHealthCenter701090021_Tir_2015.csv
2024-12-25 16:49:07,768 - INFO - Deleted file: exported_data/Tx_Curr_TPT_LineList_AreketHealthCenter701090021_Tir_2015.csv
2024-12-25 16:49:14,589 - INFO - Data exported to exported_data folder.
2024-12-25 16:49:14,592 - INFO - Zip file created at: exported_data/AreketHealthCenter701090021_Meskerem_2015.zip
2024-12-25 16:49:14,592 - INFO - Checksum saved to: exported_data/AreketHealthCenter701090021_Meskerem_2015_checksum.txt
2024-12-25 16:49:14,592 - INFO - Deleted file: exported_data/Tx_Curr_LineList_AreketHealthCenter701090021_Meskerem_2015.csv
2024-12-25 16:49:14,593 - INFO - Deleted file: exported_data/Tx_Curr_VLEligibleNew_LineList_AreketHealthCenter701090021_Meskerem_2015.csv
2024-12-25 16:49:14,593 - INFO - Deleted file: exported_data/Tx_Curr_HVL_LineList_AreketHealthCenter701090021_Meskerem_2015.csv
2024-12-25 16:49:14,593 - INFO - Deleted file: exported_data/Tx_Curr_AHD_LineList_AreketHealthCenter701090021_Meskerem_2015.csv
2024-12-25 16:49:14,593 - INFO - Deleted file: exported_data/Tx_Curr_OutComeList_AreketHealthCenter701090021_Meskerem_2015.csv
2024-12-25 16:49:14,593 - INFO - Deleted file: exported_data/Tx_Curr_CCANew_LineList_AreketHealthCenter701090021_Meskerem_2015.csv
2024-12-25 16:49:14,593 - INFO - Deleted file: exported_data/Tx_Curr_VLTestReceived_LineList_AreketHealthCenter701090021_Meskerem_2015.csv
2024-12-25 16:49:14,593 - INFO - Deleted file: exported_data/Tx_Curr_TPT_LineList_AreketHealthCenter701090021_Meskerem_2015.csv
2024-12-25 16:49:30,277 - INFO - Data exported to exported_data folder.
2024-12-25 16:49:30,279 - INFO - Zip file created at: exported_data/EmdiberHealthCenter701100023_Meskerem_2016.zip
2024-12-25 16:49:30,279 - INFO - Checksum saved to: exported_data/EmdiberHealthCenter701100023_Meskerem_2016_checksum.txt
2024-12-25 16:49:30,279 - INFO - Deleted file: exported_data/Tx_Curr_HVL_LineList_EmdiberHealthCenter701100023_Meskerem_2016.csv
2024-12-25 16:49:30,279 - INFO - Deleted file: exported_data/Tx_Curr_VLEligibleNew_LineList_EmdiberHealthCenter701100023_Meskerem_2016.csv
2024-12-25 16:49:30,279 - INFO - Deleted file: exported_data/Tx_Curr_LineList_EmdiberHealthCenter701100023_Meskerem_2016.csv
2024-12-25 16:49:30,279 - INFO - Deleted file: exported_data/Tx_Curr_TPT_LineList_EmdiberHealthCenter701100023_Meskerem_2016.csv
2024-12-25 16:49:30,279 - INFO - Deleted file: exported_data/Tx_Curr_AHD_LineList_EmdiberHealthCenter701100023_Meskerem_2016.csv
2024-12-25 16:49:30,279 - INFO - Deleted file: exported_data/Tx_Curr_CCANew_LineList_EmdiberHealthCenter701100023_Meskerem_2016.csv
2024-12-25 16:49:30,279 - INFO - Deleted file: exported_data/Tx_Curr_VLTestReceived_LineList_EmdiberHealthCenter701100023_Meskerem_2016.csv
2024-12-25 16:49:30,279 - INFO - Deleted file: exported_data/Tx_Curr_OutComeList_EmdiberHealthCenter701100023_Meskerem_2016.csv
2024-12-25 16:49:32,868 - INFO - Data exported to exported_data folder.
2024-12-25 16:49:32,870 - INFO - Zip file created at: exported_data/EmdiberHealthCenter701100023_Tir_2016.zip
2024-12-25 16:49:32,870 - INFO - Checksum saved to: exported_data/EmdiberHealthCenter701100023_Tir_2016_checksum.txt
2024-12-25 16:49:32,871 - INFO - Deleted file: exported_data/Tx_Curr_TPT_LineList_EmdiberHealthCenter701100023_Tir_2016.csv
2024-12-25 16:49:32,871 - INFO - Deleted file: exported_data/Tx_Curr_CCANew_LineList_EmdiberHealthCenter701100023_Tir_2016.csv
2024-12-25 16:49:32,871 - INFO - Deleted file: exported_data/Tx_Curr_VLEligibleNew_LineList_EmdiberHealthCenter701100023_Tir_2016.csv
2024-12-25 16:49:32,871 - INFO - Deleted file: exported_data/Tx_Curr_VLTestReceived_LineList_EmdiberHealthCenter701100023_Tir_2016.csv
2024-12-25 16:49:32,871 - INFO - Deleted file: exported_data/Tx_Curr_OutComeList_EmdiberHealthCenter701100023_Tir_2016.csv
2024-12-25 16:49:32,871 - INFO - Deleted file: exported_data/Tx_Curr_AHD_LineList_EmdiberHealthCenter701100023_Tir_2016.csv
2024-12-25 16:49:32,871 - INFO - Deleted file: exported_data/Tx_Curr_HVL_LineList_EmdiberHealthCenter701100023_Tir_2016.csv
2024-12-25 16:49:32,871 - INFO - Deleted file: exported_data/Tx_Curr_LineList_EmdiberHealthCenter701100023_Tir_2016.csv
2024-12-25 16:49:35,660 - INFO - Data exported to exported_data folder.
2024-12-25 16:49:35,662 - INFO - Zip file created at: exported_data/EmdiberHealthCenter701100023_Tir_2015.zip
2024-12-25 16:49:35,662 - INFO - Checksum saved to: exported_data/EmdiberHealthCenter701100023_Tir_2015_checksum.txt
2024-12-25 16:49:35,662 - INFO - Deleted file: exported_data/Tx_Curr_CCANew_LineList_EmdiberHealthCenter701100023_Tir_2015.csv
2024-12-25 16:49:35,663 - INFO - Deleted file: exported_data/Tx_Curr_HVL_LineList_EmdiberHealthCenter701100023_Tir_2015.csv
2024-12-25 16:49:35,663 - INFO - Deleted file: exported_data/Tx_Curr_AHD_LineList_EmdiberHealthCenter701100023_Tir_2015.csv
2024-12-25 16:49:35,663 - INFO - Deleted file: exported_data/Tx_Curr_VLEligibleNew_LineList_EmdiberHealthCenter701100023_Tir_2015.csv
2024-12-25 16:49:35,663 - INFO - Deleted file: exported_data/Tx_Curr_LineList_EmdiberHealthCenter701100023_Tir_2015.csv
2024-12-25 16:49:35,663 - INFO - Deleted file: exported_data/Tx_Curr_TPT_LineList_EmdiberHealthCenter701100023_Tir_2015.csv
2024-12-25 16:49:35,663 - INFO - Deleted file: exported_data/Tx_Curr_VLTestReceived_LineList_EmdiberHealthCenter701100023_Tir_2015.csv
2024-12-25 16:49:35,663 - INFO - Deleted file: exported_data/Tx_Curr_OutComeList_EmdiberHealthCenter701100023_Tir_2015.csv
2024-12-25 16:49:38,693 - INFO - Data exported to exported_data folder.
2024-12-25 16:49:38,695 - INFO - Zip file created at: exported_data/EmdiberHealthCenter701100023_Meskerem_2015.zip
2024-12-25 16:49:38,695 - INFO - Checksum saved to: exported_data/EmdiberHealthCenter701100023_Meskerem_2015_checksum.txt
2024-12-25 16:49:38,695 - INFO - Deleted file: exported_data/Tx_Curr_VLEligibleNew_LineList_EmdiberHealthCenter701100023_Meskerem_2015.csv
2024-12-25 16:49:38,695 - INFO - Deleted file: exported_data/Tx_Curr_VLTestReceived_LineList_EmdiberHealthCenter701100023_Meskerem_2015.csv
2024-12-25 16:49:38,696 - INFO - Deleted file: exported_data/Tx_Curr_CCANew_LineList_EmdiberHealthCenter701100023_Meskerem_2015.csv
2024-12-25 16:49:38,696 - INFO - Deleted file: exported_data/Tx_Curr_OutComeList_EmdiberHealthCenter701100023_Meskerem_2015.csv
2024-12-25 16:49:38,696 - INFO - Deleted file: exported_data/Tx_Curr_LineList_EmdiberHealthCenter701100023_Meskerem_2015.csv
2024-12-25 16:49:38,696 - INFO - Deleted file: exported_data/Tx_Curr_HVL_LineList_EmdiberHealthCenter701100023_Meskerem_2015.csv
2024-12-25 16:49:38,696 - INFO - Deleted file: exported_data/Tx_Curr_TPT_LineList_EmdiberHealthCenter701100023_Meskerem_2015.csv
2024-12-25 16:49:38,696 - INFO - Deleted file: exported_data/Tx_Curr_AHD_LineList_EmdiberHealthCenter701100023_Meskerem_2015.csv
2024-12-25 16:49:57,253 - INFO - Data exported to exported_data folder.
2024-12-25 16:49:57,256 - INFO - Zip file created at: exported_data/GunchreHealthCenter701110023_Meskerem_2016.zip
2024-12-25 16:49:57,256 - INFO - Checksum saved to: exported_data/GunchreHealthCenter701110023_Meskerem_2016_checksum.txt
2024-12-25 16:49:57,257 - INFO - Deleted file: exported_data/Tx_Curr_LineList_GunchreHealthCenter701110023_Meskerem_2016.csv
2024-12-25 16:49:57,257 - INFO - Deleted file: exported_data/Tx_Curr_TPT_LineList_GunchreHealthCenter701110023_Meskerem_2016.csv
2024-12-25 16:49:57,257 - INFO - Deleted file: exported_data/Tx_Curr_OutComeList_GunchreHealthCenter701110023_Meskerem_2016.csv
2024-12-25 16:49:57,257 - INFO - Deleted file: exported_data/Tx_Curr_VLTestReceived_LineList_GunchreHealthCenter701110023_Meskerem_2016.csv
2024-12-25 16:49:57,257 - INFO - Deleted file: exported_data/Tx_Curr_AHD_LineList_GunchreHealthCenter701110023_Meskerem_2016.csv
2024-12-25 16:49:57,257 - INFO - Deleted file: exported_data/Tx_Curr_CCANew_LineList_GunchreHealthCenter701110023_Meskerem_2016.csv
2024-12-25 16:49:57,257 - INFO - Deleted file: exported_data/Tx_Curr_HVL_LineList_GunchreHealthCenter701110023_Meskerem_2016.csv
2024-12-25 16:49:57,257 - INFO - Deleted file: exported_data/Tx_Curr_VLEligibleNew_LineList_GunchreHealthCenter701110023_Meskerem_2016.csv
2024-12-25 16:50:03,660 - INFO - Data exported to exported_data folder.
2024-12-25 16:50:03,662 - INFO - Zip file created at: exported_data/GunchreHealthCenter701110023_Tir_2016.zip
2024-12-25 16:50:03,662 - INFO - Checksum saved to: exported_data/GunchreHealthCenter701110023_Tir_2016_checksum.txt
2024-12-25 16:50:03,663 - INFO - Deleted file: exported_data/Tx_Curr_OutComeList_GunchreHealthCenter701110023_Tir_2016.csv
2024-12-25 16:50:03,663 - INFO - Deleted file: exported_data/Tx_Curr_VLEligibleNew_LineList_GunchreHealthCenter701110023_Tir_2016.csv
2024-12-25 16:50:03,663 - INFO - Deleted file: exported_data/Tx_Curr_LineList_GunchreHealthCenter701110023_Tir_2016.csv
2024-12-25 16:50:03,663 - INFO - Deleted file: exported_data/Tx_Curr_CCANew_LineList_GunchreHealthCenter701110023_Tir_2016.csv
2024-12-25 16:50:03,663 - INFO - Deleted file: exported_data/Tx_Curr_AHD_LineList_GunchreHealthCenter701110023_Tir_2016.csv
2024-12-25 16:50:03,663 - INFO - Deleted file: exported_data/Tx_Curr_HVL_LineList_GunchreHealthCenter701110023_Tir_2016.csv
2024-12-25 16:50:03,663 - INFO - Deleted file: exported_data/Tx_Curr_VLTestReceived_LineList_GunchreHealthCenter701110023_Tir_2016.csv
2024-12-25 16:50:03,663 - INFO - Deleted file: exported_data/Tx_Curr_TPT_LineList_GunchreHealthCenter701110023_Tir_2016.csv
2024-12-25 16:50:10,407 - INFO - Data exported to exported_data folder.
2024-12-25 16:50:10,409 - INFO - Zip file created at: exported_data/GunchreHealthCenter701110023_Tir_2015.zip
2024-12-25 16:50:10,410 - INFO - Checksum saved to: exported_data/GunchreHealthCenter701110023_Tir_2015_checksum.txt
2024-12-25 16:50:10,410 - INFO - Deleted file: exported_data/Tx_Curr_HVL_LineList_GunchreHealthCenter701110023_Tir_2015.csv
2024-12-25 16:50:10,410 - INFO - Deleted file: exported_data/Tx_Curr_CCANew_LineList_GunchreHealthCenter701110023_Tir_2015.csv
2024-12-25 16:50:10,410 - INFO - Deleted file: exported_data/Tx_Curr_OutComeList_GunchreHealthCenter701110023_Tir_2015.csv
2024-12-25 16:50:10,410 - INFO - Deleted file: exported_data/Tx_Curr_VLTestReceived_LineList_GunchreHealthCenter701110023_Tir_2015.csv
2024-12-25 16:50:10,410 - INFO - Deleted file: exported_data/Tx_Curr_VLEligibleNew_LineList_GunchreHealthCenter701110023_Tir_2015.csv
2024-12-25 16:50:10,410 - INFO - Deleted file: exported_data/Tx_Curr_LineList_GunchreHealthCenter701110023_Tir_2015.csv
2024-12-25 16:50:10,410 - INFO - Deleted file: exported_data/Tx_Curr_TPT_LineList_GunchreHealthCenter701110023_Tir_2015.csv
2024-12-25 16:50:10,410 - INFO - Deleted file: exported_data/Tx_Curr_AHD_LineList_GunchreHealthCenter701110023_Tir_2015.csv
2024-12-25 16:50:16,988 - INFO - Data exported to exported_data folder.
2024-12-25 16:50:16,991 - INFO - Zip file created at: exported_data/GunchreHealthCenter701110023_Meskerem_2015.zip
2024-12-25 16:50:16,991 - INFO - Checksum saved to: exported_data/GunchreHealthCenter701110023_Meskerem_2015_checksum.txt
2024-12-25 16:50:16,992 - INFO - Deleted file: exported_data/Tx_Curr_CCANew_LineList_GunchreHealthCenter701110023_Meskerem_2015.csv
2024-12-25 16:50:16,992 - INFO - Deleted file: exported_data/Tx_Curr_HVL_LineList_GunchreHealthCenter701110023_Meskerem_2015.csv
2024-12-25 16:50:16,992 - INFO - Deleted file: exported_data/Tx_Curr_LineList_GunchreHealthCenter701110023_Meskerem_2015.csv
2024-12-25 16:50:16,992 - INFO - Deleted file: exported_data/Tx_Curr_TPT_LineList_GunchreHealthCenter701110023_Meskerem_2015.csv
2024-12-25 16:50:16,992 - INFO - Deleted file: exported_data/Tx_Curr_VLTestReceived_LineList_GunchreHealthCenter701110023_Meskerem_2015.csv
2024-12-25 16:50:16,992 - INFO - Deleted file: exported_data/Tx_Curr_OutComeList_GunchreHealthCenter701110023_Meskerem_2015.csv
2024-12-25 16:50:16,992 - INFO - Deleted file: exported_data/Tx_Curr_VLEligibleNew_LineList_GunchreHealthCenter701110023_Meskerem_2015.csv
2024-12-25 16:50:16,992 - INFO - Deleted file: exported_data/Tx_Curr_AHD_LineList_GunchreHealthCenter701110023_Meskerem_2015.csv
2024-12-25 16:50:30,164 - INFO - Data exported to exported_data folder.
2024-12-25 16:50:30,166 - INFO - Zip file created at: exported_data/LeraHealthCenter720040023_Meskerem_2016.zip
2024-12-25 16:50:30,166 - INFO - Checksum saved to: exported_data/LeraHealthCenter720040023_Meskerem_2016_checksum.txt
2024-12-25 16:50:30,167 - INFO - Deleted file: exported_data/Tx_Curr_CCANew_LineList_LeraHealthCenter720040023_Meskerem_2016.csv
2024-12-25 16:50:30,167 - INFO - Deleted file: exported_data/Tx_Curr_VLTestReceived_LineList_LeraHealthCenter720040023_Meskerem_2016.csv
2024-12-25 16:50:30,167 - INFO - Deleted file: exported_data/Tx_Curr_AHD_LineList_LeraHealthCenter720040023_Meskerem_2016.csv
2024-12-25 16:50:30,167 - INFO - Deleted file: exported_data/Tx_Curr_LineList_LeraHealthCenter720040023_Meskerem_2016.csv
2024-12-25 16:50:30,167 - INFO - Deleted file: exported_data/Tx_Curr_OutComeList_LeraHealthCenter720040023_Meskerem_2016.csv
2024-12-25 16:50:30,167 - INFO - Deleted file: exported_data/Tx_Curr_TPT_LineList_LeraHealthCenter720040023_Meskerem_2016.csv
2024-12-25 16:50:30,167 - INFO - Deleted file: exported_data/Tx_Curr_HVL_LineList_LeraHealthCenter720040023_Meskerem_2016.csv
2024-12-25 16:50:30,167 - INFO - Deleted file: exported_data/Tx_Curr_VLEligibleNew_LineList_LeraHealthCenter720040023_Meskerem_2016.csv
2024-12-25 16:50:32,931 - INFO - Data exported to exported_data folder.
2024-12-25 16:50:32,933 - INFO - Zip file created at: exported_data/LeraHealthCenter720040023_Tir_2016.zip
2024-12-25 16:50:32,933 - INFO - Checksum saved to: exported_data/LeraHealthCenter720040023_Tir_2016_checksum.txt
2024-12-25 16:50:32,933 - INFO - Deleted file: exported_data/Tx_Curr_OutComeList_LeraHealthCenter720040023_Tir_2016.csv
2024-12-25 16:50:32,933 - INFO - Deleted file: exported_data/Tx_Curr_AHD_LineList_LeraHealthCenter720040023_Tir_2016.csv
2024-12-25 16:50:32,933 - INFO - Deleted file: exported_data/Tx_Curr_LineList_LeraHealthCenter720040023_Tir_2016.csv
2024-12-25 16:50:32,933 - INFO - Deleted file: exported_data/Tx_Curr_TPT_LineList_LeraHealthCenter720040023_Tir_2016.csv
2024-12-25 16:50:32,933 - INFO - Deleted file: exported_data/Tx_Curr_VLTestReceived_LineList_LeraHealthCenter720040023_Tir_2016.csv
2024-12-25 16:50:32,933 - INFO - Deleted file: exported_data/Tx_Curr_HVL_LineList_LeraHealthCenter720040023_Tir_2016.csv
2024-12-25 16:50:32,933 - INFO - Deleted file: exported_data/Tx_Curr_CCANew_LineList_LeraHealthCenter720040023_Tir_2016.csv
2024-12-25 16:50:32,933 - INFO - Deleted file: exported_data/Tx_Curr_VLEligibleNew_LineList_LeraHealthCenter720040023_Tir_2016.csv
2024-12-25 16:50:35,780 - INFO - Data exported to exported_data folder.
2024-12-25 16:50:35,781 - INFO - Zip file created at: exported_data/LeraHealthCenter720040023_Tir_2015.zip
2024-12-25 16:50:35,781 - INFO - Checksum saved to: exported_data/LeraHealthCenter720040023_Tir_2015_checksum.txt
2024-12-25 16:50:35,782 - INFO - Deleted file: exported_data/Tx_Curr_CCANew_LineList_LeraHealthCenter720040023_Tir_2015.csv
2024-12-25 16:50:35,782 - INFO - Deleted file: exported_data/Tx_Curr_LineList_LeraHealthCenter720040023_Tir_2015.csv
2024-12-25 16:50:35,782 - INFO - Deleted file: exported_data/Tx_Curr_TPT_LineList_LeraHealthCenter720040023_Tir_2015.csv
2024-12-25 16:50:35,782 - INFO - Deleted file: exported_data/Tx_Curr_VLEligibleNew_LineList_LeraHealthCenter720040023_Tir_2015.csv
2024-12-25 16:50:35,782 - INFO - Deleted file: exported_data/Tx_Curr_AHD_LineList_LeraHealthCenter720040023_Tir_2015.csv
2024-12-25 16:50:35,782 - INFO - Deleted file: exported_data/Tx_Curr_OutComeList_LeraHealthCenter720040023_Tir_2015.csv
2024-12-25 16:50:35,782 - INFO - Deleted file: exported_data/Tx_Curr_VLTestReceived_LineList_LeraHealthCenter720040023_Tir_2015.csv
2024-12-25 16:50:35,782 - INFO - Deleted file: exported_data/Tx_Curr_HVL_LineList_LeraHealthCenter720040023_Tir_2015.csv
2024-12-25 16:50:38,771 - INFO - Data exported to exported_data folder.
2024-12-25 16:50:38,773 - INFO - Zip file created at: exported_data/LeraHealthCenter720040023_Meskerem_2015.zip
2024-12-25 16:50:38,773 - INFO - Checksum saved to: exported_data/LeraHealthCenter720040023_Meskerem_2015_checksum.txt
2024-12-25 16:50:38,773 - INFO - Deleted file: exported_data/Tx_Curr_VLEligibleNew_LineList_LeraHealthCenter720040023_Meskerem_2015.csv
2024-12-25 16:50:38,773 - INFO - Deleted file: exported_data/Tx_Curr_LineList_LeraHealthCenter720040023_Meskerem_2015.csv
2024-12-25 16:50:38,773 - INFO - Deleted file: exported_data/Tx_Curr_CCANew_LineList_LeraHealthCenter720040023_Meskerem_2015.csv
2024-12-25 16:50:38,773 - INFO - Deleted file: exported_data/Tx_Curr_TPT_LineList_LeraHealthCenter720040023_Meskerem_2015.csv
2024-12-25 16:50:38,773 - INFO - Deleted file: exported_data/Tx_Curr_VLTestReceived_LineList_LeraHealthCenter720040023_Meskerem_2015.csv
2024-12-25 16:50:38,773 - INFO - Deleted file: exported_data/Tx_Curr_AHD_LineList_LeraHealthCenter720040023_Meskerem_2015.csv
2024-12-25 16:50:38,773 - INFO - Deleted file: exported_data/Tx_Curr_OutComeList_LeraHealthCenter720040023_Meskerem_2015.csv
2024-12-25 16:50:38,773 - INFO - Deleted file: exported_data/Tx_Curr_HVL_LineList_LeraHealthCenter720040023_Meskerem_2015.csv
2024-12-26 10:20:33,456 - INFO - Data exported to exported_data folder.
2024-12-26 10:20:33,469 - INFO - Zip file created at: exported_data/AreketHealthCenter701090021_Meskerem_2016.zip
2024-12-26 10:20:33,469 - INFO - Checksum saved to: exported_data/AreketHealthCenter701090021_Meskerem_2016_checksum.txt
2024-12-26 10:20:33,470 - INFO - Deleted file: exported_data/Tx_Curr_TPT_LineList_AreketHealthCenter701090021_Meskerem_2016.csv
2024-12-26 10:20:33,470 - INFO - Deleted file: exported_data/Tx_Curr_HVL_LineList_AreketHealthCenter701090021_Meskerem_2016.csv
2024-12-26 10:20:33,470 - INFO - Deleted file: exported_data/Tx_Curr_AHD_LineList_AreketHealthCenter701090021_Meskerem_2016.csv
2024-12-26 10:20:33,470 - INFO - Deleted file: exported_data/Tx_Curr_VLEligibleNew_LineList_AreketHealthCenter701090021_Meskerem_2016.csv
2024-12-26 10:20:33,470 - INFO - Deleted file: exported_data/Tx_Curr_LineList_AreketHealthCenter701090021_Meskerem_2016.csv
2024-12-26 10:20:33,470 - INFO - Deleted file: exported_data/Tx_Curr_VLTestReceived_LineList_AreketHealthCenter701090021_Meskerem_2016.csv
2024-12-26 10:20:33,470 - INFO - Deleted file: exported_data/Tx_Curr_OutComeList_AreketHealthCenter701090021_Meskerem_2016.csv
2024-12-26 10:20:33,470 - INFO - Deleted file: exported_data/Tx_Curr_CCANew_LineList_AreketHealthCenter701090021_Meskerem_2016.csv
2024-12-26 10:20:41,784 - INFO - Data exported to exported_data folder.
2024-12-26 10:20:41,786 - INFO - Zip file created at: exported_data/AreketHealthCenter701090021_Tir_2016.zip
2024-12-26 10:20:41,786 - INFO - Checksum saved to: exported_data/AreketHealthCenter701090021_Tir_2016_checksum.txt
2024-12-26 10:20:41,787 - INFO - Deleted file: exported_data/Tx_Curr_AHD_LineList_AreketHealthCenter701090021_Tir_2016.csv
2024-12-26 10:20:41,787 - INFO - Deleted file: exported_data/Tx_Curr_CCANew_LineList_AreketHealthCenter701090021_Tir_2016.csv
2024-12-26 10:20:41,787 - INFO - Deleted file: exported_data/Tx_Curr_TPT_LineList_AreketHealthCenter701090021_Tir_2016.csv
2024-12-26 10:20:41,787 - INFO - Deleted file: exported_data/Tx_Curr_OutComeList_AreketHealthCenter701090021_Tir_2016.csv
2024-12-26 10:20:41,787 - INFO - Deleted file: exported_data/Tx_Curr_VLTestReceived_LineList_AreketHealthCenter701090021_Tir_2016.csv
2024-12-26 10:20:41,787 - INFO - Deleted file: exported_data/Tx_Curr_VLEligibleNew_LineList_AreketHealthCenter701090021_Tir_2016.csv
2024-12-26 10:20:41,787 - INFO - Deleted file: exported_data/Tx_Curr_HVL_LineList_AreketHealthCenter701090021_Tir_2016.csv
2024-12-26 10:20:41,787 - INFO - Deleted file: exported_data/Tx_Curr_LineList_AreketHealthCenter701090021_Tir_2016.csv
2024-12-26 10:20:50,576 - INFO - Data exported to exported_data folder.
2024-12-26 10:20:50,578 - INFO - Zip file created at: exported_data/AreketHealthCenter701090021_Tir_2015.zip
2024-12-26 10:20:50,578 - INFO - Checksum saved to: exported_data/AreketHealthCenter701090021_Tir_2015_checksum.txt
2024-12-26 10:20:50,578 - INFO - Deleted file: exported_data/Tx_Curr_VLTestReceived_LineList_AreketHealthCenter701090021_Tir_2015.csv
2024-12-26 10:20:50,579 - INFO - Deleted file: exported_data/Tx_Curr_LineList_AreketHealthCenter701090021_Tir_2015.csv
2024-12-26 10:20:50,579 - INFO - Deleted file: exported_data/Tx_Curr_CCANew_LineList_AreketHealthCenter701090021_Tir_2015.csv
2024-12-26 10:20:50,579 - INFO - Deleted file: exported_data/Tx_Curr_HVL_LineList_AreketHealthCenter701090021_Tir_2015.csv
2024-12-26 10:20:50,579 - INFO - Deleted file: exported_data/Tx_Curr_AHD_LineList_AreketHealthCenter701090021_Tir_2015.csv
2024-12-26 10:20:50,579 - INFO - Deleted file: exported_data/Tx_Curr_OutComeList_AreketHealthCenter701090021_Tir_2015.csv
2024-12-26 10:20:50,579 - INFO - Deleted file: exported_data/Tx_Curr_VLEligibleNew_LineList_AreketHealthCenter701090021_Tir_2015.csv
2024-12-26 10:20:50,579 - INFO - Deleted file: exported_data/Tx_Curr_TPT_LineList_AreketHealthCenter701090021_Tir_2015.csv
2024-12-26 10:20:58,704 - INFO - Data exported to exported_data folder.
2024-12-26 10:20:58,707 - INFO - Zip file created at: exported_data/AreketHealthCenter701090021_Meskerem_2015.zip
2024-12-26 10:20:58,707 - INFO - Checksum saved to: exported_data/AreketHealthCenter701090021_Meskerem_2015_checksum.txt
2024-12-26 10:20:58,707 - INFO - Deleted file: exported_data/Tx_Curr_LineList_AreketHealthCenter701090021_Meskerem_2015.csv
2024-12-26 10:20:58,707 - INFO - Deleted file: exported_data/Tx_Curr_VLEligibleNew_LineList_AreketHealthCenter701090021_Meskerem_2015.csv
2024-12-26 10:20:58,707 - INFO - Deleted file: exported_data/Tx_Curr_HVL_LineList_AreketHealthCenter701090021_Meskerem_2015.csv
2024-12-26 10:20:58,708 - INFO - Deleted file: exported_data/Tx_Curr_AHD_LineList_AreketHealthCenter701090021_Meskerem_2015.csv
2024-12-26 10:20:58,708 - INFO - Deleted file: exported_data/Tx_Curr_OutComeList_AreketHealthCenter701090021_Meskerem_2015.csv
2024-12-26 10:20:58,708 - INFO - Deleted file: exported_data/Tx_Curr_CCANew_LineList_AreketHealthCenter701090021_Meskerem_2015.csv
2024-12-26 10:20:58,708 - INFO - Deleted file: exported_data/Tx_Curr_VLTestReceived_LineList_AreketHealthCenter701090021_Meskerem_2015.csv
2024-12-26 10:20:58,708 - INFO - Deleted file: exported_data/Tx_Curr_TPT_LineList_AreketHealthCenter701090021_Meskerem_2015.csv
2024-12-26 10:21:16,903 - INFO - Data exported to exported_data folder.
2024-12-26 10:21:16,906 - INFO - Zip file created at: exported_data/EmdiberHealthCenter701100023_Meskerem_2016.zip
2024-12-26 10:21:16,906 - INFO - Checksum saved to: exported_data/EmdiberHealthCenter701100023_Meskerem_2016_checksum.txt
2024-12-26 10:21:16,906 - INFO - Deleted file: exported_data/Tx_Curr_HVL_LineList_EmdiberHealthCenter701100023_Meskerem_2016.csv
2024-12-26 10:21:16,907 - INFO - Deleted file: exported_data/Tx_Curr_VLEligibleNew_LineList_EmdiberHealthCenter701100023_Meskerem_2016.csv
2024-12-26 10:21:16,907 - INFO - Deleted file: exported_data/Tx_Curr_LineList_EmdiberHealthCenter701100023_Meskerem_2016.csv
2024-12-26 10:21:16,907 - INFO - Deleted file: exported_data/Tx_Curr_TPT_LineList_EmdiberHealthCenter701100023_Meskerem_2016.csv
2024-12-26 10:21:16,907 - INFO - Deleted file: exported_data/Tx_Curr_AHD_LineList_EmdiberHealthCenter701100023_Meskerem_2016.csv
2024-12-26 10:21:16,907 - INFO - Deleted file: exported_data/Tx_Curr_CCANew_LineList_EmdiberHealthCenter701100023_Meskerem_2016.csv
2024-12-26 10:21:16,907 - INFO - Deleted file: exported_data/Tx_Curr_VLTestReceived_LineList_EmdiberHealthCenter701100023_Meskerem_2016.csv
2024-12-26 10:21:16,907 - INFO - Deleted file: exported_data/Tx_Curr_OutComeList_EmdiberHealthCenter701100023_Meskerem_2016.csv
2024-12-26 10:21:19,599 - INFO - Data exported to exported_data folder.
2024-12-26 10:21:19,601 - INFO - Zip file created at: exported_data/EmdiberHealthCenter701100023_Tir_2016.zip
2024-12-26 10:21:19,601 - INFO - Checksum saved to: exported_data/EmdiberHealthCenter701100023_Tir_2016_checksum.txt
2024-12-26 10:21:19,602 - INFO - Deleted file: exported_data/Tx_Curr_TPT_LineList_EmdiberHealthCenter701100023_Tir_2016.csv
2024-12-26 10:21:19,602 - INFO - Deleted file: exported_data/Tx_Curr_CCANew_LineList_EmdiberHealthCenter701100023_Tir_2016.csv
2024-12-26 10:21:19,602 - INFO - Deleted file: exported_data/Tx_Curr_VLEligibleNew_LineList_EmdiberHealthCenter701100023_Tir_2016.csv
2024-12-26 10:21:19,602 - INFO - Deleted file: exported_data/Tx_Curr_VLTestReceived_LineList_EmdiberHealthCenter701100023_Tir_2016.csv
2024-12-26 10:21:19,602 - INFO - Deleted file: exported_data/Tx_Curr_OutComeList_EmdiberHealthCenter701100023_Tir_2016.csv
2024-12-26 10:21:19,602 - INFO - Deleted file: exported_data/Tx_Curr_AHD_LineList_EmdiberHealthCenter701100023_Tir_2016.csv
2024-12-26 10:21:19,602 - INFO - Deleted file: exported_data/Tx_Curr_HVL_LineList_EmdiberHealthCenter701100023_Tir_2016.csv
2024-12-26 10:21:19,602 - INFO - Deleted file: exported_data/Tx_Curr_LineList_EmdiberHealthCenter701100023_Tir_2016.csv
2024-12-26 10:21:22,399 - INFO - Data exported to exported_data folder.
2024-12-26 10:21:22,401 - INFO - Zip file created at: exported_data/EmdiberHealthCenter701100023_Tir_2015.zip
2024-12-26 10:21:22,401 - INFO - Checksum saved to: exported_data/EmdiberHealthCenter701100023_Tir_2015_checksum.txt
2024-12-26 10:21:22,401 - INFO - Deleted file: exported_data/Tx_Curr_CCANew_LineList_EmdiberHealthCenter701100023_Tir_2015.csv
2024-12-26 10:21:22,401 - INFO - Deleted file: exported_data/Tx_Curr_HVL_LineList_EmdiberHealthCenter701100023_Tir_2015.csv
2024-12-26 10:21:22,401 - INFO - Deleted file: exported_data/Tx_Curr_AHD_LineList_EmdiberHealthCenter701100023_Tir_2015.csv
2024-12-26 10:21:22,401 - INFO - Deleted file: exported_data/Tx_Curr_VLEligibleNew_LineList_EmdiberHealthCenter701100023_Tir_2015.csv
2024-12-26 10:21:22,401 - INFO - Deleted file: exported_data/Tx_Curr_LineList_EmdiberHealthCenter701100023_Tir_2015.csv
2024-12-26 10:21:22,401 - INFO - Deleted file: exported_data/Tx_Curr_TPT_LineList_EmdiberHealthCenter701100023_Tir_2015.csv
2024-12-26 10:21:22,402 - INFO - Deleted file: exported_data/Tx_Curr_VLTestReceived_LineList_EmdiberHealthCenter701100023_Tir_2015.csv
2024-12-26 10:21:22,402 - INFO - Deleted file: exported_data/Tx_Curr_OutComeList_EmdiberHealthCenter701100023_Tir_2015.csv
2024-12-26 10:21:25,391 - INFO - Data exported to exported_data folder.
2024-12-26 10:21:25,393 - INFO - Zip file created at: exported_data/EmdiberHealthCenter701100023_Meskerem_2015.zip
2024-12-26 10:21:25,393 - INFO - Checksum saved to: exported_data/EmdiberHealthCenter701100023_Meskerem_2015_checksum.txt
2024-12-26 10:21:25,393 - INFO - Deleted file: exported_data/Tx_Curr_VLEligibleNew_LineList_EmdiberHealthCenter701100023_Meskerem_2015.csv
2024-12-26 10:21:25,393 - INFO - Deleted file: exported_data/Tx_Curr_VLTestReceived_LineList_EmdiberHealthCenter701100023_Meskerem_2015.csv
2024-12-26 10:21:25,393 - INFO - Deleted file: exported_data/Tx_Curr_CCANew_LineList_EmdiberHealthCenter701100023_Meskerem_2015.csv
2024-12-26 10:21:25,393 - INFO - Deleted file: exported_data/Tx_Curr_OutComeList_EmdiberHealthCenter701100023_Meskerem_2015.csv
2024-12-26 10:21:25,393 - INFO - Deleted file: exported_data/Tx_Curr_LineList_EmdiberHealthCenter701100023_Meskerem_2015.csv
2024-12-26 10:21:25,393 - INFO - Deleted file: exported_data/Tx_Curr_HVL_LineList_EmdiberHealthCenter701100023_Meskerem_2015.csv
2024-12-26 10:21:25,393 - INFO - Deleted file: exported_data/Tx_Curr_TPT_LineList_EmdiberHealthCenter701100023_Meskerem_2015.csv
2024-12-26 10:21:25,393 - INFO - Deleted file: exported_data/Tx_Curr_AHD_LineList_EmdiberHealthCenter701100023_Meskerem_2015.csv
2024-12-26 10:21:41,527 - INFO - Data exported to exported_data folder.
2024-12-26 10:21:41,530 - INFO - Zip file created at: exported_data/GunchreHealthCenter701110023_Meskerem_2016.zip
2024-12-26 10:21:41,530 - INFO - Checksum saved to: exported_data/GunchreHealthCenter701110023_Meskerem_2016_checksum.txt
2024-12-26 10:21:41,530 - INFO - Deleted file: exported_data/Tx_Curr_LineList_GunchreHealthCenter701110023_Meskerem_2016.csv
2024-12-26 10:21:41,530 - INFO - Deleted file: exported_data/Tx_Curr_TPT_LineList_GunchreHealthCenter701110023_Meskerem_2016.csv
2024-12-26 10:21:41,531 - INFO - Deleted file: exported_data/Tx_Curr_OutComeList_GunchreHealthCenter701110023_Meskerem_2016.csv
2024-12-26 10:21:41,531 - INFO - Deleted file: exported_data/Tx_Curr_VLTestReceived_LineList_GunchreHealthCenter701110023_Meskerem_2016.csv
2024-12-26 10:21:41,531 - INFO - Deleted file: exported_data/Tx_Curr_AHD_LineList_GunchreHealthCenter701110023_Meskerem_2016.csv
2024-12-26 10:21:41,531 - INFO - Deleted file: exported_data/Tx_Curr_CCANew_LineList_GunchreHealthCenter701110023_Meskerem_2016.csv
2024-12-26 10:21:41,531 - INFO - Deleted file: exported_data/Tx_Curr_HVL_LineList_GunchreHealthCenter701110023_Meskerem_2016.csv
2024-12-26 10:21:41,531 - INFO - Deleted file: exported_data/Tx_Curr_VLEligibleNew_LineList_GunchreHealthCenter701110023_Meskerem_2016.csv
2024-12-26 10:21:48,343 - INFO - Data exported to exported_data folder.
2024-12-26 10:21:48,345 - INFO - Zip file created at: exported_data/GunchreHealthCenter701110023_Tir_2016.zip
2024-12-26 10:21:48,345 - INFO - Checksum saved to: exported_data/GunchreHealthCenter701110023_Tir_2016_checksum.txt
2024-12-26 10:21:48,346 - INFO - Deleted file: exported_data/Tx_Curr_OutComeList_GunchreHealthCenter701110023_Tir_2016.csv
2024-12-26 10:21:48,346 - INFO - Deleted file: exported_data/Tx_Curr_VLEligibleNew_LineList_GunchreHealthCenter701110023_Tir_2016.csv
2024-12-26 10:21:48,346 - INFO - Deleted file: exported_data/Tx_Curr_LineList_GunchreHealthCenter701110023_Tir_2016.csv
2024-12-26 10:21:48,346 - INFO - Deleted file: exported_data/Tx_Curr_CCANew_LineList_GunchreHealthCenter701110023_Tir_2016.csv
2024-12-26 10:21:48,346 - INFO - Deleted file: exported_data/Tx_Curr_AHD_LineList_GunchreHealthCenter701110023_Tir_2016.csv
2024-12-26 10:21:48,346 - INFO - Deleted file: exported_data/Tx_Curr_HVL_LineList_GunchreHealthCenter701110023_Tir_2016.csv
2024-12-26 10:21:48,346 - INFO - Deleted file: exported_data/Tx_Curr_VLTestReceived_LineList_GunchreHealthCenter701110023_Tir_2016.csv
2024-12-26 10:21:48,346 - INFO - Deleted file: exported_data/Tx_Curr_TPT_LineList_GunchreHealthCenter701110023_Tir_2016.csv
2024-12-26 10:21:55,065 - INFO - Data exported to exported_data folder.
2024-12-26 10:21:55,067 - INFO - Zip file created at: exported_data/GunchreHealthCenter701110023_Tir_2015.zip
2024-12-26 10:21:55,067 - INFO - Checksum saved to: exported_data/GunchreHealthCenter701110023_Tir_2015_checksum.txt
2024-12-26 10:21:55,068 - INFO - Deleted file: exported_data/Tx_Curr_HVL_LineList_GunchreHealthCenter701110023_Tir_2015.csv
2024-12-26 10:21:55,068 - INFO - Deleted file: exported_data/Tx_Curr_CCANew_LineList_GunchreHealthCenter701110023_Tir_2015.csv
2024-12-26 10:21:55,068 - INFO - Deleted file: exported_data/Tx_Curr_OutComeList_GunchreHealthCenter701110023_Tir_2015.csv
2024-12-26 10:21:55,068 - INFO - Deleted file: exported_data/Tx_Curr_VLTestReceived_LineList_GunchreHealthCenter701110023_Tir_2015.csv
2024-12-26 10:21:55,068 - INFO - Deleted file: exported_data/Tx_Curr_VLEligibleNew_LineList_GunchreHealthCenter701110023_Tir_2015.csv
2024-12-26 10:21:55,068 - INFO - Deleted file: exported_data/Tx_Curr_LineList_GunchreHealthCenter701110023_Tir_2015.csv
2024-12-26 10:21:55,068 - INFO - Deleted file: exported_data/Tx_Curr_TPT_LineList_GunchreHealthCenter701110023_Tir_2015.csv
2024-12-26 10:21:55,068 - INFO - Deleted file: exported_data/Tx_Curr_AHD_LineList_GunchreHealthCenter701110023_Tir_2015.csv
2024-12-26 10:22:01,583 - INFO - Data exported to exported_data folder.
2024-12-26 10:22:01,585 - INFO - Zip file created at: exported_data/GunchreHealthCenter701110023_Meskerem_2015.zip
2024-12-26 10:22:01,585 - INFO - Checksum saved to: exported_data/GunchreHealthCenter701110023_Meskerem_2015_checksum.txt
2024-12-26 10:22:01,586 - INFO - Deleted file: exported_data/Tx_Curr_CCANew_LineList_GunchreHealthCenter701110023_Meskerem_2015.csv
2024-12-26 10:22:01,586 - INFO - Deleted file: exported_data/Tx_Curr_HVL_LineList_GunchreHealthCenter701110023_Meskerem_2015.csv
2024-12-26 10:22:01,586 - INFO - Deleted file: exported_data/Tx_Curr_LineList_GunchreHealthCenter701110023_Meskerem_2015.csv
2024-12-26 10:22:01,586 - INFO - Deleted file: exported_data/Tx_Curr_TPT_LineList_GunchreHealthCenter701110023_Meskerem_2015.csv
2024-12-26 10:22:01,586 - INFO - Deleted file: exported_data/Tx_Curr_VLTestReceived_LineList_GunchreHealthCenter701110023_Meskerem_2015.csv
2024-12-26 10:22:01,586 - INFO - Deleted file: exported_data/Tx_Curr_OutComeList_GunchreHealthCenter701110023_Meskerem_2015.csv
2024-12-26 10:22:01,586 - INFO - Deleted file: exported_data/Tx_Curr_VLEligibleNew_LineList_GunchreHealthCenter701110023_Meskerem_2015.csv
2024-12-26 10:22:01,587 - INFO - Deleted file: exported_data/Tx_Curr_AHD_LineList_GunchreHealthCenter701110023_Meskerem_2015.csv
2024-12-26 10:22:14,023 - INFO - Data exported to exported_data folder.
2024-12-26 10:22:14,026 - INFO - Zip file created at: exported_data/LeraHealthCenter720040023_Meskerem_2016.zip
2024-12-26 10:22:14,026 - INFO - Checksum saved to: exported_data/LeraHealthCenter720040023_Meskerem_2016_checksum.txt
2024-12-26 10:22:14,026 - INFO - Deleted file: exported_data/Tx_Curr_CCANew_LineList_LeraHealthCenter720040023_Meskerem_2016.csv
2024-12-26 10:22:14,026 - INFO - Deleted file: exported_data/Tx_Curr_VLTestReceived_LineList_LeraHealthCenter720040023_Meskerem_2016.csv
2024-12-26 10:22:14,026 - INFO - Deleted file: exported_data/Tx_Curr_AHD_LineList_LeraHealthCenter720040023_Meskerem_2016.csv
2024-12-26 10:22:14,026 - INFO - Deleted file: exported_data/Tx_Curr_LineList_LeraHealthCenter720040023_Meskerem_2016.csv
2024-12-26 10:22:14,026 - INFO - Deleted file: exported_data/Tx_Curr_OutComeList_LeraHealthCenter720040023_Meskerem_2016.csv
2024-12-26 10:22:14,026 - INFO - Deleted file: exported_data/Tx_Curr_TPT_LineList_LeraHealthCenter720040023_Meskerem_2016.csv
2024-12-26 10:22:14,026 - INFO - Deleted file: exported_data/Tx_Curr_HVL_LineList_LeraHealthCenter720040023_Meskerem_2016.csv
2024-12-26 10:22:14,026 - INFO - Deleted file: exported_data/Tx_Curr_VLEligibleNew_LineList_LeraHealthCenter720040023_Meskerem_2016.csv
2024-12-26 10:22:17,394 - INFO - Data exported to exported_data folder.
2024-12-26 10:22:17,397 - INFO - Zip file created at: exported_data/LeraHealthCenter720040023_Tir_2016.zip
2024-12-26 10:22:17,397 - INFO - Checksum saved to: exported_data/LeraHealthCenter720040023_Tir_2016_checksum.txt
2024-12-26 10:22:17,397 - INFO - Deleted file: exported_data/Tx_Curr_OutComeList_LeraHealthCenter720040023_Tir_2016.csv
2024-12-26 10:22:17,397 - INFO - Deleted file: exported_data/Tx_Curr_AHD_LineList_LeraHealthCenter720040023_Tir_2016.csv
2024-12-26 10:22:17,397 - INFO - Deleted file: exported_data/Tx_Curr_LineList_LeraHealthCenter720040023_Tir_2016.csv
2024-12-26 10:22:17,397 - INFO - Deleted file: exported_data/Tx_Curr_TPT_LineList_LeraHealthCenter720040023_Tir_2016.csv
2024-12-26 10:22:17,397 - INFO - Deleted file: exported_data/Tx_Curr_VLTestReceived_LineList_LeraHealthCenter720040023_Tir_2016.csv
2024-12-26 10:22:17,397 - INFO - Deleted file: exported_data/Tx_Curr_HVL_LineList_LeraHealthCenter720040023_Tir_2016.csv
2024-12-26 10:22:17,397 - INFO - Deleted file: exported_data/Tx_Curr_CCANew_LineList_LeraHealthCenter720040023_Tir_2016.csv
2024-12-26 10:22:17,398 - INFO - Deleted file: exported_data/Tx_Curr_VLEligibleNew_LineList_LeraHealthCenter720040023_Tir_2016.csv
2024-12-26 10:22:21,769 - INFO - Data exported to exported_data folder.
2024-12-26 10:22:21,771 - INFO - Zip file created at: exported_data/LeraHealthCenter720040023_Tir_2015.zip
2024-12-26 10:22:21,771 - INFO - Checksum saved to: exported_data/LeraHealthCenter720040023_Tir_2015_checksum.txt
2024-12-26 10:22:21,771 - INFO - Deleted file: exported_data/Tx_Curr_CCANew_LineList_LeraHealthCenter720040023_Tir_2015.csv
2024-12-26 10:22:21,771 - INFO - Deleted file: exported_data/Tx_Curr_LineList_LeraHealthCenter720040023_Tir_2015.csv
2024-12-26 10:22:21,771 - INFO - Deleted file: exported_data/Tx_Curr_TPT_LineList_LeraHealthCenter720040023_Tir_2015.csv
2024-12-26 10:22:21,771 - INFO - Deleted file: exported_data/Tx_Curr_VLEligibleNew_LineList_LeraHealthCenter720040023_Tir_2015.csv
2024-12-26 10:22:21,771 - INFO - Deleted file: exported_data/Tx_Curr_AHD_LineList_LeraHealthCenter720040023_Tir_2015.csv
2024-12-26 10:22:21,771 - INFO - Deleted file: exported_data/Tx_Curr_OutComeList_LeraHealthCenter720040023_Tir_2015.csv
2024-12-26 10:22:21,771 - INFO - Deleted file: exported_data/Tx_Curr_VLTestReceived_LineList_LeraHealthCenter720040023_Tir_2015.csv
2024-12-26 10:22:21,772 - INFO - Deleted file: exported_data/Tx_Curr_HVL_LineList_LeraHealthCenter720040023_Tir_2015.csv
2024-12-26 10:22:24,463 - INFO - Data exported to exported_data folder.
2024-12-26 10:22:24,464 - INFO - Zip file created at: exported_data/LeraHealthCenter720040023_Meskerem_2015.zip
2024-12-26 10:22:24,464 - INFO - Checksum saved to: exported_data/LeraHealthCenter720040023_Meskerem_2015_checksum.txt
2024-12-26 10:22:24,464 - INFO - Deleted file: exported_data/Tx_Curr_VLEligibleNew_LineList_LeraHealthCenter720040023_Meskerem_2015.csv
2024-12-26 10:22:24,464 - INFO - Deleted file: exported_data/Tx_Curr_LineList_LeraHealthCenter720040023_Meskerem_2015.csv
2024-12-26 10:22:24,464 - INFO - Deleted file: exported_data/Tx_Curr_CCANew_LineList_LeraHealthCenter720040023_Meskerem_2015.csv
2024-12-26 10:22:24,465 - INFO - Deleted file: exported_data/Tx_Curr_TPT_LineList_LeraHealthCenter720040023_Meskerem_2015.csv
2024-12-26 10:22:24,465 - INFO - Deleted file: exported_data/Tx_Curr_VLTestReceived_LineList_LeraHealthCenter720040023_Meskerem_2015.csv
2024-12-26 10:22:24,465 - INFO - Deleted file: exported_data/Tx_Curr_AHD_LineList_LeraHealthCenter720040023_Meskerem_2015.csv
2024-12-26 10:22:24,465 - INFO - Deleted file: exported_data/Tx_Curr_OutComeList_LeraHealthCenter720040023_Meskerem_2015.csv
2024-12-26 10:22:24,465 - INFO - Deleted file: exported_data/Tx_Curr_HVL_LineList_LeraHealthCenter720040023_Meskerem_2015.csv
